<?xml version="1.0" encoding="UTF-8"?>
<!-- Generated by org.testng.reporters.JUnitXMLReporter -->
<testsuite ignored="1" hostname="LAPTOP-8TP6OQIJ" failures="0" tests="1" name="Default test" time="11.347" errors="0" timestamp="2024-04-24T08:16:32 IST">
  <testcase classname="testcases.VeriyLoginTestCases" name="verifyLoginithInValidData" time="11.293"/>
  <testcase classname="testcases.VeriyLoginTestCases" name="verifyLoginithValidData" time="0.0">
    <ignored/>
  </testcase> <!-- verifyLoginithValidData -->
</testsuite> <!-- Default test -->
